<?xml version="1.0" encoding="UTF-8"?>
<testng-results skipped="0" failed="0" ignored="0" total="1" passed="1">
  <reporter-output>
  </reporter-output>
  <suite name="Default suite" duration-ms="19436" started-at="2018-10-18T08:38:35Z" finished-at="2018-10-18T08:38:54Z">
    <groups>
    </groups>
    <test name="Default test" duration-ms="19436" started-at="2018-10-18T08:38:35Z" finished-at="2018-10-18T08:38:54Z">
      <class name="co.qa.test.RegisterTest">
        <test-method status="PASS" signature="setUp()[pri:0, instance:co.qa.test.RegisterTest@548e7350]" name="setUp" is-config="true" duration-ms="3381" started-at="2018-10-18T14:08:35Z" finished-at="2018-10-18T14:08:38Z">
          <reporter-output>
          </reporter-output>
        </test-method> <!-- setUp -->
        <test-method status="PASS" signature="registerTest(java.lang.String, java.lang.String)[pri:0, instance:co.qa.test.RegisterTest@548e7350]" name="registerTest" duration-ms="15984" started-at="2018-10-18T14:08:38Z" data-provider="domainNames" finished-at="2018-10-18T14:08:54Z">
          <params>
            <param index="0">
              <value>
                <![CDATA[www.kalarshaadi.com]]>
              </value>
            </param>
            <param index="1">
              <value>
                <![CDATA[marathi]]>
              </value>
            </param>
          </params>
          <reporter-output>
          </reporter-output>
        </test-method> <!-- registerTest -->
      </class> <!-- co.qa.test.RegisterTest -->
    </test> <!-- Default test -->
  </suite> <!-- Default suite -->
</testng-results>
